<?xml version="1.0" encoding="UTF-8"?>
<!-- Generated by org.testng.reporters.JUnitXMLReporter -->
<testsuite ignored="0" hostname="DESKTOP-AMC897U" failures="0" tests="2" name="Default test" time="13.33" errors="0" timestamp="2024-12-12T11:15:18 IST">
  <testcase classname="rahulshettyacademy.tests.ErrorValidationsTest1" name="LoginErrorValidation" time="0.728"/>
  <testcase classname="rahulshettyacademy.tests.ErrorValidationsTest1" name="ProductErrorValidation" time="2.511"/>
</testsuite> <!-- Default test -->
