<?xml version="1.0" encoding="UTF-8"?>
<!-- Generated by org.testng.reporters.JUnitXMLReporter -->
<testsuite ignored="0" hostname="DESKTOP-AMC897U" failures="0" tests="2" name="Error Validations Test" time="15.821" errors="0" timestamp="2024-12-12T11:15:46 IST">
  <testcase classname="rahulshettyacademy.tests.ErrorValidationsTest1" name="LoginErrorValidation" time="1.362"/>
  <testcase classname="rahulshettyacademy.tests.ErrorValidationsTest1" name="ProductErrorValidation" time="2.648"/>
</testsuite> <!-- Error Validations Test -->
