<?xml version="1.0" encoding="UTF-8"?>
<!-- Generated by org.testng.reporters.JUnitXMLReporter -->
<testsuite ignored="0" hostname="DESKTOP-AMC897U" failures="0" tests="3" name="Submit Order Test" time="30.713" errors="0" timestamp="2024-12-12T11:16:01 IST">
  <testcase classname="rahulshettyacademy.tests.SubmitOrderTest1" name="submitOrder" time="6.355"/>
  <testcase classname="rahulshettyacademy.tests.SubmitOrderTest1" name="submitOrder" time="4.782"/>
  <testcase classname="rahulshettyacademy.tests.SubmitOrderTest1" name="OrderHistoryTest" time="1.059"/>
</testsuite> <!-- Submit Order Test -->
