<?xml version="1.0" encoding="UTF-8"?>
<testng-results ignored="0" total="5" passed="5" failed="0" skipped="0">
  <reporter-output>
  </reporter-output>
  <suite started-at="2024-12-12T11:15:30 IST" name="Suite" finished-at="2024-12-12T11:16:01 IST" duration-ms="30713">
    <groups>
      <group name="ErrorHandling">
        <method signature="ErrorValidationsTest1.LoginErrorValidation()[pri:0, instance:rahulshettyacademy.tests.ErrorValidationsTest1@d23e042]" name="LoginErrorValidation" class="rahulshettyacademy.tests.ErrorValidationsTest1"/>
      </group> <!-- ErrorHandling -->
      <group name="Purchase">
        <method signature="SubmitOrderTest1.submitOrder(java.util.HashMap)[pri:0, instance:rahulshettyacademy.tests.SubmitOrderTest1@1a245833]" name="submitOrder" class="rahulshettyacademy.tests.SubmitOrderTest1"/>
      </group> <!-- Purchase -->
    </groups>
    <test started-at="2024-12-12T11:15:30 IST" name="Error Validations Test" finished-at="2024-12-12T11:15:46 IST" duration-ms="15821">
      <class name="rahulshettyacademy.tests.ErrorValidationsTest1">
        <test-method is-config="true" signature="launchApplication()[pri:0, instance:rahulshettyacademy.tests.ErrorValidationsTest1@d23e042]" started-at="2024-12-12T11:15:30 IST" name="launchApplication" finished-at="2024-12-12T11:15:36 IST" duration-ms="6426" status="PASS">
          <reporter-output>
          </reporter-output>
        </test-method> <!-- launchApplication -->
        <test-method signature="LoginErrorValidation()[pri:0, instance:rahulshettyacademy.tests.ErrorValidationsTest1@d23e042]" started-at="2024-12-12T11:15:36 IST" name="LoginErrorValidation" finished-at="2024-12-12T11:15:38 IST" duration-ms="1362" status="PASS">
          <reporter-output>
          </reporter-output>
        </test-method> <!-- LoginErrorValidation -->
        <test-method is-config="true" signature="tearDown()[pri:0, instance:rahulshettyacademy.tests.ErrorValidationsTest1@d23e042]" started-at="2024-12-12T11:15:38 IST" name="tearDown" finished-at="2024-12-12T11:15:38 IST" duration-ms="606" status="PASS">
          <reporter-output>
          </reporter-output>
        </test-method> <!-- tearDown -->
        <test-method is-config="true" signature="launchApplication()[pri:0, instance:rahulshettyacademy.tests.ErrorValidationsTest1@d23e042]" started-at="2024-12-12T11:15:38 IST" name="launchApplication" finished-at="2024-12-12T11:15:43 IST" duration-ms="4322" status="PASS">
          <reporter-output>
          </reporter-output>
        </test-method> <!-- launchApplication -->
        <test-method signature="ProductErrorValidation()[pri:0, instance:rahulshettyacademy.tests.ErrorValidationsTest1@d23e042]" started-at="2024-12-12T11:15:43 IST" name="ProductErrorValidation" finished-at="2024-12-12T11:15:45 IST" duration-ms="2648" status="PASS">
          <reporter-output>
          </reporter-output>
        </test-method> <!-- ProductErrorValidation -->
        <test-method is-config="true" signature="tearDown()[pri:0, instance:rahulshettyacademy.tests.ErrorValidationsTest1@d23e042]" started-at="2024-12-12T11:15:45 IST" name="tearDown" finished-at="2024-12-12T11:15:46 IST" duration-ms="375" status="PASS">
          <reporter-output>
          </reporter-output>
        </test-method> <!-- tearDown -->
      </class> <!-- rahulshettyacademy.tests.ErrorValidationsTest1 -->
    </test> <!-- Error Validations Test -->
    <test started-at="2024-12-12T11:15:30 IST" name="Submit Order Test" finished-at="2024-12-12T11:16:01 IST" duration-ms="30713">
      <class name="rahulshettyacademy.tests.SubmitOrderTest1">
        <test-method is-config="true" signature="launchApplication()[pri:0, instance:rahulshettyacademy.tests.SubmitOrderTest1@1a245833]" started-at="2024-12-12T11:15:30 IST" name="launchApplication" finished-at="2024-12-12T11:15:36 IST" duration-ms="5866" status="PASS">
          <reporter-output>
          </reporter-output>
        </test-method> <!-- launchApplication -->
        <test-method signature="submitOrder(java.util.HashMap)[pri:0, instance:rahulshettyacademy.tests.SubmitOrderTest1@1a245833]" started-at="2024-12-12T11:15:36 IST" name="submitOrder" data-provider="getData" finished-at="2024-12-12T11:15:43 IST" duration-ms="6355" status="PASS">
          <params>
            <param index="0">
              <value>
                <![CDATA[{password=Iamking@000, product=ZARA COAT 3, email=anshika@gmail.com}]]>
              </value>
            </param>
          </params>
          <reporter-output>
          </reporter-output>
        </test-method> <!-- submitOrder -->
        <test-method is-config="true" signature="tearDown()[pri:0, instance:rahulshettyacademy.tests.SubmitOrderTest1@1a245833]" started-at="2024-12-12T11:15:43 IST" name="tearDown" finished-at="2024-12-12T11:15:45 IST" duration-ms="1986" status="PASS">
          <reporter-output>
          </reporter-output>
        </test-method> <!-- tearDown -->
        <test-method is-config="true" signature="launchApplication()[pri:0, instance:rahulshettyacademy.tests.SubmitOrderTest1@1a245833]" started-at="2024-12-12T11:15:45 IST" name="launchApplication" finished-at="2024-12-12T11:15:50 IST" duration-ms="4979" status="PASS">
          <reporter-output>
          </reporter-output>
        </test-method> <!-- launchApplication -->
        <test-method signature="submitOrder(java.util.HashMap)[pri:0, instance:rahulshettyacademy.tests.SubmitOrderTest1@1a245833]" started-at="2024-12-12T11:15:50 IST" name="submitOrder" data-provider="getData" finished-at="2024-12-12T11:15:54 IST" duration-ms="4782" status="PASS">
          <params>
            <param index="0">
              <value>
                <![CDATA[{password=Abcd@1234, product=ADIDAS ORIGINAL, email=abcd@emample.com}]]>
              </value>
            </param>
          </params>
          <reporter-output>
          </reporter-output>
        </test-method> <!-- submitOrder -->
        <test-method is-config="true" signature="tearDown()[pri:0, instance:rahulshettyacademy.tests.SubmitOrderTest1@1a245833]" started-at="2024-12-12T11:15:54 IST" name="tearDown" finished-at="2024-12-12T11:15:55 IST" duration-ms="1038" status="PASS">
          <reporter-output>
          </reporter-output>
        </test-method> <!-- tearDown -->
        <test-method is-config="true" signature="launchApplication()[pri:0, instance:rahulshettyacademy.tests.SubmitOrderTest1@1a245833]" started-at="2024-12-12T11:15:55 IST" name="launchApplication" finished-at="2024-12-12T11:15:59 IST" duration-ms="3909" status="PASS">
          <reporter-output>
          </reporter-output>
        </test-method> <!-- launchApplication -->
        <test-method signature="OrderHistoryTest()[pri:0, instance:rahulshettyacademy.tests.SubmitOrderTest1@1a245833]" started-at="2024-12-12T11:15:59 IST" name="OrderHistoryTest" finished-at="2024-12-12T11:16:00 IST" depends-on-methods="rahulshettyacademy.tests.SubmitOrderTest1.submitOrder" duration-ms="1059" status="PASS">
          <reporter-output>
          </reporter-output>
        </test-method> <!-- OrderHistoryTest -->
        <test-method is-config="true" signature="tearDown()[pri:0, instance:rahulshettyacademy.tests.SubmitOrderTest1@1a245833]" started-at="2024-12-12T11:16:00 IST" name="tearDown" finished-at="2024-12-12T11:16:01 IST" duration-ms="228" status="PASS">
          <reporter-output>
          </reporter-output>
        </test-method> <!-- tearDown -->
      </class> <!-- rahulshettyacademy.tests.SubmitOrderTest1 -->
    </test> <!-- Submit Order Test -->
  </suite> <!-- Suite -->
</testng-results>
